<?xml version="1.0" encoding="UTF-8" ?>
<testsuite tests="8" failures="0" name="ru.vsu.cs.raspopov.MyMultiHashSetTest" time="0" errors="0" skipped="0">
  <properties>
    <property name="java.runtime.name" value="Java(TM) SE Runtime Environment"/>
    <property name="java.vm.version" value="17+35-LTS-2724"/>
    <property name="sun.boot.library.path" value="C:\Program Files\Java\jdk-17\bin"/>
    <property name="user.country.format" value="US"/>
    <property name="maven.multiModuleProjectDirectory" value="C:\filesjava\dataart\ChessFirstAtt\att3\library"/>
    <property name="java.vm.vendor" value="Oracle Corporation"/>
    <property name="java.vendor.url" value="https://java.oracle.com/"/>
    <property name="guice.disable.misplaced.annotation.check" value="true"/>
    <property name="path.separator" value=";"/>
    <property name="java.vm.name" value="Java HotSpot(TM) 64-Bit Server VM"/>
    <property name="sun.os.patch.level" value=""/>
    <property name="user.script" value=""/>
    <property name="user.country" value="RU"/>
    <property name="sun.java.launcher" value="SUN_STANDARD"/>
    <property name="java.vm.specification.name" value="Java Virtual Machine Specification"/>
    <property name="user.dir" value="C:\filesjava\dataart\ChessFirstAtt\att3\library"/>
    <property name="java.vm.compressedOopsMode" value="32-bit"/>
    <property name="java.runtime.version" value="17+35-LTS-2724"/>
    <property name="os.arch" value="amd64"/>
    <property name="java.io.tmpdir" value="C:\Users\iamki\AppData\Local\Temp\"/>
    <property name="line.separator" value="
"/>
    <property name="java.vm.specification.vendor" value="Oracle Corporation"/>
    <property name="user.variant" value=""/>
    <property name="os.name" value="Windows 10"/>
    <property name="classworlds.conf" value="C:\maven\apache-maven-3.8.3\bin\m2.conf"/>
    <property name="sun.jnu.encoding" value="Cp1251"/>
    <property name="java.library.path" value="C:\Program Files\Java\jdk-17\bin;C:\Windows\Sun\Java\bin;C:\Windows\system32;C:\Windows;C:\Program Files\Java\jdk-17\bin;C:\Program Files (x86)\NVIDIA Corporation\PhysX\Common;C:\Program Files\NVIDIA Corporation\NVIDIA NvDLISR;C:\Program Files\Git\cmd;C:\Program Files\Java\jdk-17\bin;C:\maven\apache-maven-3.8.3\bin;C:\gradle\gradle-7.2\bin;C:\Users\iamki\AppData\Local\Microsoft\WindowsApps;C:\Users\iamki\.dotnet\tools;C:\Users\iamki\AppData\Local\Programs\Microsoft VS Code\bin;C:\Users\iamki\AppData\Local\GitHubDesktop\bin;;."/>
    <property name="maven.conf" value="C:\maven\apache-maven-3.8.3/conf"/>
    <property name="jdk.debug" value="release"/>
    <property name="java.class.version" value="61.0"/>
    <property name="java.specification.name" value="Java Platform API Specification"/>
    <property name="sun.management.compiler" value="HotSpot 64-Bit Tiered Compilers"/>
    <property name="os.version" value="10.0"/>
    <property name="library.jansi.path" value="C:\maven\apache-maven-3.8.3\lib\jansi-native"/>
    <property name="user.home" value="C:\Users\iamki"/>
    <property name="user.timezone" value="Europe/Moscow"/>
    <property name="file.encoding" value="Cp1252"/>
    <property name="java.specification.version" value="17"/>
    <property name="user.name" value="iamki"/>
    <property name="java.class.path" value="C:\maven\apache-maven-3.8.3\boot\plexus-classworlds-2.6.0.jar"/>
    <property name="java.vm.specification.version" value="17"/>
    <property name="sun.arch.data.model" value="64"/>
    <property name="sun.java.command" value="org.codehaus.plexus.classworlds.launcher.Launcher install"/>
    <property name="java.home" value="C:\Program Files\Java\jdk-17"/>
    <property name="user.language" value="ru"/>
    <property name="java.specification.vendor" value="Oracle Corporation"/>
    <property name="user.language.format" value="en"/>
    <property name="java.vm.info" value="mixed mode, sharing"/>
    <property name="java.version" value="17"/>
    <property name="native.encoding" value="Cp1252"/>
    <property name="java.vendor" value="Oracle Corporation"/>
    <property name="sun.stderr.encoding" value="cp866"/>
    <property name="maven.home" value="C:\maven\apache-maven-3.8.3"/>
    <property name="file.separator" value="\"/>
    <property name="java.version.date" value="2021-09-14"/>
    <property name="java.vendor.url.bug" value="https://bugreport.java.com/bugreport/"/>
    <property name="sun.io.unicode.encoding" value="UnicodeLittle"/>
    <property name="sun.cpu.endian" value="little"/>
    <property name="sun.stdout.encoding" value="cp866"/>
    <property name="sun.cpu.isalist" value="amd64"/>
  </properties>
  <testcase classname="ru.vsu.cs.raspopov.MyMultiHashSetTest" name="ru.vsu.cs.raspopov.MyMultiHashSetTest.testContains03" time="0"/>
  <testcase classname="ru.vsu.cs.raspopov.MyMultiHashSetTest" name="ru.vsu.cs.raspopov.MyMultiHashSetTest.testConaintsAll01" time="0"/>
  <testcase classname="ru.vsu.cs.raspopov.MyMultiHashSetTest" name="ru.vsu.cs.raspopov.MyMultiHashSetTest.testConaintsAll02" time="0"/>
  <testcase classname="ru.vsu.cs.raspopov.MyMultiHashSetTest" name="ru.vsu.cs.raspopov.MyMultiHashSetTest.testRemove02" time="0"/>
  <testcase classname="ru.vsu.cs.raspopov.MyMultiHashSetTest" name="ru.vsu.cs.raspopov.MyMultiHashSetTest.testContains02" time="0"/>
  <testcase classname="ru.vsu.cs.raspopov.MyMultiHashSetTest" name="ru.vsu.cs.raspopov.MyMultiHashSetTest.testContains01" time="0"/>
  <testcase classname="ru.vsu.cs.raspopov.MyMultiHashSetTest" name="ru.vsu.cs.raspopov.MyMultiHashSetTest.testRemove01" time="0"/>
  <testcase classname="ru.vsu.cs.raspopov.MyMultiHashSetTest" name="ru.vsu.cs.raspopov.MyMultiHashSetTest.testContains04" time="0"/>
</testsuite>